<?xml version="1.0" encoding="UTF-8"?>
<testng-results ignored="0" total="1" passed="1" failed="0" skipped="0">
  <reporter-output>
  </reporter-output>
  <suite started-at="2021-01-16T11:33:12 IST" name="SmallBusiness" finished-at="2021-01-16T11:33:51 IST" duration-ms="39120">
    <groups>
      <group name="Smoke">
        <method signature="TC_LoginPage.TC_001()[pri:0, instance:com.inetbanking.testCases.TC_LoginPage@6ac13091]" name="TC_001" class="com.inetbanking.testCases.TC_LoginPage"/>
      </group> <!-- Smoke -->
    </groups>
    <test started-at="2021-01-16T11:33:12 IST" name="BankingApp Test" finished-at="2021-01-16T11:33:51 IST" duration-ms="39120">
      <class name="com.inetbanking.testCases.TC_LoginPage">
        <test-method is-config="true" signature="setup(java.lang.String)[pri:0, instance:com.inetbanking.testCases.TC_LoginPage@6ac13091]" started-at="2021-01-16T11:33:12 IST" name="setup" finished-at="2021-01-16T11:33:41 IST" duration-ms="28682" status="PASS">
          <params>
            <param index="0">
              <value>
                <![CDATA[firefox]]>
              </value>
            </param>
          </params>
          <reporter-output>
          </reporter-output>
        </test-method> <!-- setup -->
        <test-method signature="TC_001()[pri:0, instance:com.inetbanking.testCases.TC_LoginPage@6ac13091]" started-at="2021-01-16T11:33:41 IST" name="TC_001" description="Login functionality Check" finished-at="2021-01-16T11:33:46 IST" duration-ms="4913" status="PASS">
          <reporter-output>
          </reporter-output>
        </test-method> <!-- TC_001 -->
        <test-method is-config="true" signature="tearDown()[pri:0, instance:com.inetbanking.testCases.TC_LoginPage@6ac13091]" started-at="2021-01-16T11:33:46 IST" name="tearDown" finished-at="2021-01-16T11:33:51 IST" duration-ms="5457" status="PASS">
          <reporter-output>
          </reporter-output>
        </test-method> <!-- tearDown -->
      </class> <!-- com.inetbanking.testCases.TC_LoginPage -->
    </test> <!-- BankingApp Test -->
  </suite> <!-- SmallBusiness -->
</testng-results>
